nohup: ignoring input
./run.sh: train chain model
local/chain/run_tdnn.sh 
local/nnet3/run_ivector_common.sh: preparing directory for low-resolution speed-perturbed data (for alignment)
fix_data_dir.sh: kept all 3119 utterances.
fix_data_dir.sh: old files are kept in data/train/.backup
utils/data/perturb_data_dir_speed_3way.sh: making sure the utt2dur and the reco2dur files are present
... in data/train, because obtaining it after speed-perturbing
... would be very slow, and you might need them.
utils/data/get_utt2dur.sh: data/train/utt2dur already exists with the expected length.  We won't recompute it.
utils/data/get_reco2dur.sh: data/train/reco2dur already exists with the expected length.  We won't recompute it.
utils/data/perturb_data_dir_speed.sh: generated speed-perturbed version of data in data/train, in data/train_sp_speed0.9
fix_data_dir.sh: kept all 3119 utterances.
fix_data_dir.sh: old files are kept in data/train_sp_speed0.9/.backup
utils/validate_data_dir.sh: Successfully validated data-directory data/train_sp_speed0.9
utils/data/perturb_data_dir_speed.sh: generated speed-perturbed version of data in data/train, in data/train_sp_speed1.1
fix_data_dir.sh: kept all 3119 utterances.
fix_data_dir.sh: old files are kept in data/train_sp_speed1.1/.backup
utils/validate_data_dir.sh: Successfully validated data-directory data/train_sp_speed1.1
utils/data/combine_data.sh data/train_sp data/train data/train_sp_speed0.9 data/train_sp_speed1.1
utils/data/combine_data.sh: combined utt2uniq
utils/data/combine_data.sh [info]: not combining segments as it does not exist
utils/data/combine_data.sh: combined utt2spk
utils/data/combine_data.sh [info]: not combining utt2lang as it does not exist
utils/data/combine_data.sh: combined utt2dur
utils/data/combine_data.sh [info]: **not combining utt2num_frames as it does not exist everywhere**
utils/data/combine_data.sh: combined reco2dur
utils/data/combine_data.sh [info]: **not combining feats.scp as it does not exist everywhere**
utils/data/combine_data.sh: combined text
utils/data/combine_data.sh [info]: **not combining cmvn.scp as it does not exist everywhere**
utils/data/combine_data.sh [info]: not combining vad.scp as it does not exist
utils/data/combine_data.sh [info]: not combining reco2file_and_channel as it does not exist
utils/data/combine_data.sh: combined wav.scp
utils/data/combine_data.sh [info]: not combining spk2gender as it does not exist
fix_data_dir.sh: kept all 9357 utterances.
fix_data_dir.sh: old files are kept in data/train_sp/.backup
utils/data/perturb_data_dir_speed_3way.sh: generated 3-way speed-perturbed version of data in data/train, in data/train_sp
utils/validate_data_dir.sh: Successfully validated data-directory data/train_sp
local/nnet3/run_ivector_common.sh: making MFCC features for low-resolution speed-perturbed data
steps/make_mfcc_pitch.sh --cmd run.pl --nj 70 data/train_sp exp/make_mfcc/train_sp mfcc_perturbed
utils/validate_data_dir.sh: Successfully validated data-directory data/train_sp
steps/make_mfcc_pitch.sh: [info]: no segments file exists: assuming wav.scp indexed by utterance.
steps/make_mfcc_pitch.sh: Succeeded creating MFCC and pitch features for train_sp
steps/compute_cmvn_stats.sh data/train_sp exp/make_mfcc/train_sp mfcc_perturbed
Succeeded creating CMVN stats for train_sp
fix_data_dir.sh: kept all 9357 utterances.
fix_data_dir.sh: old files are kept in data/train_sp/.backup
local/nnet3/run_ivector_common.sh: aligning with the perturbed low-resolution data
steps/align_fmllr.sh --nj 30 --cmd run.pl data/train_sp data/lang exp/tri5a exp/tri5a_sp_ali
steps/align_fmllr.sh: feature type is lda
steps/align_fmllr.sh: compiling training graphs
steps/align_fmllr.sh: aligning data in data/train_sp using exp/tri5a/final.alimdl and speaker-independent features.
steps/align_fmllr.sh: computing fMLLR transforms
steps/align_fmllr.sh: doing final alignment.
steps/align_fmllr.sh: done aligning data.
steps/diagnostic/analyze_alignments.sh --cmd run.pl data/lang exp/tri5a_sp_ali
analyze_phone_length_stats.py: WARNING: optional-silence SIL is seen only 37.4163608893% of the time at utterance begin.  This may not be optimal.
analyze_phone_length_stats.py: WARNING: optional-silence SIL is seen only 34.1962738302% of the time at utterance end.  This may not be optimal.
steps/diagnostic/analyze_alignments.sh: see stats in exp/tri5a_sp_ali/log/analyze_alignments.log
2 warnings in exp/tri5a_sp_ali/log/analyze_alignments.log
373 warnings in exp/tri5a_sp_ali/log/align_pass1.*.log
418 warnings in exp/tri5a_sp_ali/log/align_pass2.*.log
6807 warnings in exp/tri5a_sp_ali/log/fmllr.*.log
local/nnet3/run_ivector_common.sh: creating high-resolution MFCC features
utils/copy_data_dir.sh: copied data from data/train_sp to data/train_sp_hires
utils/validate_data_dir.sh: Successfully validated data-directory data/train_sp_hires
utils/copy_data_dir.sh: copied data from data/test to data/test_hires
utils/validate_data_dir.sh: Successfully validated data-directory data/test_hires
utils/data/perturb_data_dir_volume.sh: data/train_sp_hires/feats.scp exists; moving it to data/train_sp_hires/.backup/ as it wouldn't be valid any more.
utils/data/perturb_data_dir_volume.sh: added volume perturbation to the data in data/train_sp_hires
steps/make_mfcc_pitch.sh --nj 10 --mfcc-config conf/mfcc_hires.conf --cmd run.pl data/train_sp_hires exp/make_hires/train_sp mfcc_perturbed_hires
utils/validate_data_dir.sh: Successfully validated data-directory data/train_sp_hires
steps/make_mfcc_pitch.sh: [info]: no segments file exists: assuming wav.scp indexed by utterance.
steps/make_mfcc_pitch.sh: Succeeded creating MFCC and pitch features for train_sp_hires
steps/compute_cmvn_stats.sh data/train_sp_hires exp/make_hires/train_sp mfcc_perturbed_hires
Succeeded creating CMVN stats for train_sp_hires
fix_data_dir.sh: kept all 9357 utterances.
fix_data_dir.sh: old files are kept in data/train_sp_hires/.backup
utils/copy_data_dir.sh: copied data from data/train_sp_hires to data/train_sp_hires_nopitch
utils/validate_data_dir.sh: Successfully validated data-directory data/train_sp_hires_nopitch
utils/data/limit_feature_dim.sh: warning: removing data/train_sp_hires_nopitch/cmvn.cp, you will have to regenerate it from the features.
utils/validate_data_dir.sh: Successfully validated data-directory data/train_sp_hires_nopitch
steps/compute_cmvn_stats.sh data/train_sp_hires_nopitch exp/make_hires/train_sp mfcc_perturbed_hires
Succeeded creating CMVN stats for train_sp_hires_nopitch
steps/make_mfcc_pitch.sh --nj 10 --mfcc-config conf/mfcc_hires.conf --cmd run.pl data/test_hires exp/make_hires/test mfcc_perturbed_hires
steps/make_mfcc_pitch.sh: moving data/test_hires/feats.scp to data/test_hires/.backup
utils/validate_data_dir.sh: Successfully validated data-directory data/test_hires
steps/make_mfcc_pitch.sh: [info]: no segments file exists: assuming wav.scp indexed by utterance.
steps/make_mfcc_pitch.sh: Succeeded creating MFCC and pitch features for test_hires
steps/compute_cmvn_stats.sh data/test_hires exp/make_hires/test mfcc_perturbed_hires
Succeeded creating CMVN stats for test_hires
fix_data_dir.sh: kept all 346 utterances.
fix_data_dir.sh: old files are kept in data/test_hires/.backup
utils/copy_data_dir.sh: copied data from data/test_hires to data/test_hires_nopitch
utils/validate_data_dir.sh: Successfully validated data-directory data/test_hires_nopitch
utils/data/limit_feature_dim.sh: warning: removing data/test_hires_nopitch/cmvn.cp, you will have to regenerate it from the features.
utils/validate_data_dir.sh: Successfully validated data-directory data/test_hires_nopitch
steps/compute_cmvn_stats.sh data/test_hires_nopitch exp/make_hires/test mfcc_perturbed_hires
Succeeded creating CMVN stats for test_hires_nopitch
local/nnet3/run_ivector_common.sh: computing a subset of data to train the diagonal UBM.
utils/data/subset_data_dir.sh: reducing #utt from 9357 to 2339
local/nnet3/run_ivector_common.sh: computing a PCA transform from the hires data.
steps/online/nnet2/get_pca_transform.sh --cmd run.pl --splice-opts --left-context=3 --right-context=3 --max-utts 10000 --subsample 2 exp/nnet3/diag_ubm/train_sp_hires_nopitch_subset exp/nnet3/pca_transform
Done estimating PCA transform in exp/nnet3/pca_transform
local/nnet3/run_ivector_common.sh: training the diagonal UBM.
steps/online/nnet2/train_diag_ubm.sh --cmd run.pl --nj 30 --num-frames 700000 exp/nnet3/diag_ubm/train_sp_hires_nopitch_subset 512 exp/nnet3/pca_transform exp/nnet3/diag_ubm
steps/online/nnet2/train_diag_ubm.sh: Directory exp/nnet3/diag_ubm already exists. Backing up diagonal UBM in exp/nnet3/diag_ubm/backup.xda
steps/online/nnet2/train_diag_ubm.sh: initializing model from E-M in memory, 
steps/online/nnet2/train_diag_ubm.sh: starting from 256 Gaussians, reaching 512;
steps/online/nnet2/train_diag_ubm.sh: for 20 iterations, using at most 700000 frames of data
Getting Gaussian-selection info
steps/online/nnet2/train_diag_ubm.sh: will train for 4 iterations, in parallel over
steps/online/nnet2/train_diag_ubm.sh: 30 machines, parallelized with 'run.pl'
steps/online/nnet2/train_diag_ubm.sh: Training pass 0
steps/online/nnet2/train_diag_ubm.sh: Training pass 1
steps/online/nnet2/train_diag_ubm.sh: Training pass 2
steps/online/nnet2/train_diag_ubm.sh: Training pass 3
local/nnet3/run_ivector_common.sh: training the iVector extractor
steps/online/nnet2/train_ivector_extractor.sh --cmd run.pl --nj 10 data/train_sp_hires_nopitch exp/nnet3/diag_ubm exp/nnet3/extractor
steps/online/nnet2/train_ivector_extractor.sh: doing Gaussian selection and posterior computation
Accumulating stats (pass 0)
Summing accs (pass 0)
Updating model (pass 0)
Accumulating stats (pass 1)
Summing accs (pass 1)
Updating model (pass 1)
Accumulating stats (pass 2)
Summing accs (pass 2)
Updating model (pass 2)
Accumulating stats (pass 3)
Summing accs (pass 3)
Updating model (pass 3)
Accumulating stats (pass 4)
Summing accs (pass 4)
Updating model (pass 4)
Accumulating stats (pass 5)
Summing accs (pass 5)
Updating model (pass 5)
Accumulating stats (pass 6)
Summing accs (pass 6)
Updating model (pass 6)
Accumulating stats (pass 7)
Summing accs (pass 7)
Updating model (pass 7)
Accumulating stats (pass 8)
Summing accs (pass 8)
Updating model (pass 8)
Accumulating stats (pass 9)
Summing accs (pass 9)
Updating model (pass 9)
utils/data/modify_speaker_info.sh: copied data from data/train_sp_hires_nopitch to exp/nnet3/ivectors_train_sp/train_sp_hires_nopitch_max2, number of speakers changed from 9357 to 9357
utils/validate_data_dir.sh: Successfully validated data-directory exp/nnet3/ivectors_train_sp/train_sp_hires_nopitch_max2
steps/online/nnet2/extract_ivectors_online.sh --cmd run.pl --nj 30 exp/nnet3/ivectors_train_sp/train_sp_hires_nopitch_max2 exp/nnet3/extractor exp/nnet3/ivectors_train_sp
steps/online/nnet2/extract_ivectors_online.sh: extracting iVectors
steps/online/nnet2/extract_ivectors_online.sh: combining iVectors across jobs
steps/online/nnet2/extract_ivectors_online.sh: done extracting (online) iVectors to exp/nnet3/ivectors_train_sp using the extractor in exp/nnet3/extractor.
steps/online/nnet2/extract_ivectors_online.sh --cmd run.pl --nj 8 data/test_hires_nopitch exp/nnet3/extractor exp/nnet3/ivectors_test
steps/online/nnet2/extract_ivectors_online.sh: extracting iVectors
steps/online/nnet2/extract_ivectors_online.sh: combining iVectors across jobs
steps/online/nnet2/extract_ivectors_online.sh: done extracting (online) iVectors to exp/nnet3/ivectors_test using the extractor in exp/nnet3/extractor.
steps/align_fmllr_lats.sh --nj 30 --cmd run.pl data/train_sp data/lang exp/tri5a exp/tri5a_sp_lats
steps/align_fmllr_lats.sh: feature type is lda
steps/align_fmllr_lats.sh: compiling training graphs
steps/align_fmllr_lats.sh: aligning data in data/train_sp using exp/tri5a/final.alimdl and speaker-independent features.
steps/align_fmllr_lats.sh: computing fMLLR transforms
steps/align_fmllr_lats.sh: generating lattices containing alternate pronunciations.
steps/align_fmllr_lats.sh: done generating lattices from training transcripts.
42 warnings in exp/tri5a_sp_lats/log/generate_lattices.*.log
6809 warnings in exp/tri5a_sp_lats/log/fmllr.*.log
379 warnings in exp/tri5a_sp_lats/log/align_pass1.*.log
steps/nnet3/chain/build_tree.sh --frame-subsampling-factor 3 --context-opts --context-width=2 --central-position=1 --cmd run.pl 7000 data/train_sp data/lang_chain exp/tri5a_sp_ali exp/chain/tri6a_tree_sp
steps/nnet3/chain/build_tree.sh: feature type is lda
steps/nnet3/chain/build_tree.sh: Using transforms from exp/tri5a_sp_ali
steps/nnet3/chain/build_tree.sh: Initializing monophone model (for alignment conversion, in case topology changed)
steps/nnet3/chain/build_tree.sh: Accumulating tree stats
steps/nnet3/chain/build_tree.sh: Getting questions for tree clustering.
steps/nnet3/chain/build_tree.sh: Building the tree
steps/nnet3/chain/build_tree.sh: Initializing the model
WARNING (gmm-init-model[5.5.1076~1-1b07b5]:InitAmGmm():gmm-init-model.cc:55) Tree has pdf-id 19 with no stats; corresponding phone list: 20 
This is a bad warning.
steps/nnet3/chain/build_tree.sh: Converting alignments from exp/tri5a_sp_ali to use current tree
steps/nnet3/chain/build_tree.sh: Done building tree
local/chain/run_tdnn.sh: creating neural net configs using the xconfig parser
tree-info exp/chain/tri6a_tree_sp/tree 
steps/nnet3/xconfig_to_configs.py --xconfig-file exp/chain/tdnn_1d_sp/configs/network.xconfig --config-dir exp/chain/tdnn_1d_sp/configs/
nnet3-init exp/chain/tdnn_1d_sp/configs//init.config exp/chain/tdnn_1d_sp/configs//init.raw 
LOG (nnet3-init[5.5.1076~1-1b07b5]:main():nnet3-init.cc:80) Initialized raw neural net and wrote it to exp/chain/tdnn_1d_sp/configs//init.raw
nnet3-info exp/chain/tdnn_1d_sp/configs//init.raw 
nnet3-init exp/chain/tdnn_1d_sp/configs//ref.config exp/chain/tdnn_1d_sp/configs//ref.raw 
LOG (nnet3-init[5.5.1076~1-1b07b5]:main():nnet3-init.cc:80) Initialized raw neural net and wrote it to exp/chain/tdnn_1d_sp/configs//ref.raw
nnet3-info exp/chain/tdnn_1d_sp/configs//ref.raw 
nnet3-init exp/chain/tdnn_1d_sp/configs//ref.config exp/chain/tdnn_1d_sp/configs//ref.raw 
LOG (nnet3-init[5.5.1076~1-1b07b5]:main():nnet3-init.cc:80) Initialized raw neural net and wrote it to exp/chain/tdnn_1d_sp/configs//ref.raw
nnet3-info exp/chain/tdnn_1d_sp/configs//ref.raw 
/home/mllab/Desktop/DSP/kaldi/egs/1_kaggle/s5/steps/libs/common.py:127: SyntaxWarning: "is not" with a literal. Did you mean "!="?
  if p.returncode is not 0:
/home/mllab/Desktop/DSP/kaldi/egs/1_kaggle/s5/steps/libs/common.py:147: SyntaxWarning: "is not" with a literal. Did you mean "!="?
  if p.returncode is not 0:
/home/mllab/Desktop/DSP/kaldi/egs/1_kaggle/s5/steps/libs/common.py:203: SyntaxWarning: "is not" with a literal. Did you mean "!="?
  if popen_object.returncode is not 0:
2023-11-06 16:48:28,186 [/home/mllab/Desktop/DSP/kaldi/egs/1_kaggle/s5/steps/nnet3/chain/train.py:35 - <module> - INFO ] Starting chain model trainer (train.py)
steps/nnet3/chain/train.py --stage -10 --cmd run.pl --feat.online-ivector-dir exp/nnet3/ivectors_train_sp --feat.cmvn-opts --norm-means=false --norm-vars=false --chain.xent-regularize 0.1 --chain.leaky-hmm-coefficient 0.1 --chain.l2-regularize 0.0 --chain.apply-deriv-weights false --chain.lm-opts=--num-extra-lm-states=2000 --trainer.dropout-schedule 0,0@0.20,0.5@0.50,0 --trainer.add-option=--optimization.memory-compression-level=2 --egs.dir  --egs.stage -10 --egs.opts --frames-overlap-per-eg 0 --constrained false --egs.chunk-width 150,110,90 --trainer.num-chunk-per-minibatch 128 --trainer.frames-per-iter 1500000 --trainer.num-epochs 6 --trainer.optimization.num-jobs-initial 3 --trainer.optimization.num-jobs-final 8 --trainer.optimization.initial-effective-lrate 0.00025 --trainer.optimization.final-effective-lrate 0.000025 --trainer.max-param-change 2.0 --cleanup.remove-egs false --feat-dir data/train_sp_hires --tree-dir exp/chain/tri6a_tree_sp --lat-dir exp/tri5a_sp_lats --use-gpu wait --dir exp/chain/tdnn_1d_sp
['steps/nnet3/chain/train.py', '--stage', '-10', '--cmd', 'run.pl', '--feat.online-ivector-dir', 'exp/nnet3/ivectors_train_sp', '--feat.cmvn-opts', '--norm-means=false --norm-vars=false', '--chain.xent-regularize', '0.1', '--chain.leaky-hmm-coefficient', '0.1', '--chain.l2-regularize', '0.0', '--chain.apply-deriv-weights', 'false', '--chain.lm-opts=--num-extra-lm-states=2000', '--trainer.dropout-schedule', '0,0@0.20,0.5@0.50,0', '--trainer.add-option=--optimization.memory-compression-level=2', '--egs.dir', '', '--egs.stage', '-10', '--egs.opts', '--frames-overlap-per-eg 0 --constrained false', '--egs.chunk-width', '150,110,90', '--trainer.num-chunk-per-minibatch', '128', '--trainer.frames-per-iter', '1500000', '--trainer.num-epochs', '6', '--trainer.optimization.num-jobs-initial', '3', '--trainer.optimization.num-jobs-final', '8', '--trainer.optimization.initial-effective-lrate', '0.00025', '--trainer.optimization.final-effective-lrate', '0.000025', '--trainer.max-param-change', '2.0', '--cleanup.remove-egs', 'false', '--feat-dir', 'data/train_sp_hires', '--tree-dir', 'exp/chain/tri6a_tree_sp', '--lat-dir', 'exp/tri5a_sp_lats', '--use-gpu', 'wait', '--dir', 'exp/chain/tdnn_1d_sp']
2023-11-06 16:48:28,221 [/home/mllab/Desktop/DSP/kaldi/egs/1_kaggle/s5/steps/nnet3/chain/train.py:284 - train - INFO ] Arguments for the experiment
{'alignment_subsampling_factor': 3,
 'apply_deriv_weights': False,
 'backstitch_training_interval': 1,
 'backstitch_training_scale': 0.0,
 'chain_opts': '',
 'chunk_left_context': 0,
 'chunk_left_context_initial': -1,
 'chunk_right_context': 0,
 'chunk_right_context_final': -1,
 'chunk_width': '150,110,90',
 'cleanup': True,
 'cmvn_opts': '--norm-means=false --norm-vars=false',
 'combine_sum_to_one_penalty': 0.0,
 'command': 'run.pl',
 'compute_per_dim_accuracy': False,
 'deriv_truncate_margin': None,
 'dir': 'exp/chain/tdnn_1d_sp',
 'do_final_combination': True,
 'dropout_schedule': '0,0@0.20,0.5@0.50,0',
 'egs_command': None,
 'egs_dir': None,
 'egs_nj': 0,
 'egs_opts': '--frames-overlap-per-eg 0 --constrained false',
 'egs_stage': -10,
 'email': None,
 'exit_stage': None,
 'feat_dir': 'data/train_sp_hires',
 'final_effective_lrate': 2.5e-05,
 'frame_subsampling_factor': 3,
 'frames_per_iter': 1500000,
 'initial_effective_lrate': 0.00025,
 'input_model': None,
 'l2_regularize': 0.0,
 'lat_dir': 'exp/tri5a_sp_lats',
 'leaky_hmm_coefficient': 0.1,
 'left_deriv_truncate': None,
 'left_tolerance': 5,
 'lm_opts': '--num-extra-lm-states=2000',
 'max_lda_jobs': 10,
 'max_models_combine': 20,
 'max_objective_evaluations': 30,
 'max_param_change': 2.0,
 'momentum': 0.0,
 'num_chunk_per_minibatch': '128',
 'num_epochs': 6.0,
 'num_jobs_final': 8,
 'num_jobs_initial': 3,
 'num_jobs_step': 1,
 'online_ivector_dir': 'exp/nnet3/ivectors_train_sp',
 'preserve_model_interval': 100,
 'presoftmax_prior_scale_power': -0.25,
 'proportional_shrink': 0.0,
 'rand_prune': 4.0,
 'remove_egs': False,
 'reporting_interval': 0.1,
 'right_tolerance': 5,
 'samples_per_iter': 400000,
 'shrink_saturation_threshold': 0.4,
 'shrink_value': 1.0,
 'shuffle_buffer_size': 5000,
 'srand': 0,
 'stage': -10,
 'train_opts': ['--optimization.memory-compression-level=2'],
 'tree_dir': 'exp/chain/tri6a_tree_sp',
 'use_gpu': 'wait',
 'xent_regularize': 0.1}
2023-11-06 16:48:28,752 [/home/mllab/Desktop/DSP/kaldi/egs/1_kaggle/s5/steps/nnet3/chain/train.py:341 - train - INFO ] Creating phone language-model
2023-11-06 16:48:29,271 [/home/mllab/Desktop/DSP/kaldi/egs/1_kaggle/s5/steps/nnet3/chain/train.py:346 - train - INFO ] Creating denominator FST
copy-transition-model exp/chain/tri6a_tree_sp/final.mdl exp/chain/tdnn_1d_sp/0.trans_mdl 
LOG (copy-transition-model[5.5.1076~1-1b07b5]:main():copy-transition-model.cc:62) Copied transition model.
2023-11-06 16:48:30,154 [/home/mllab/Desktop/DSP/kaldi/egs/1_kaggle/s5/steps/nnet3/chain/train.py:353 - train - INFO ] Initializing a basic network for estimating preconditioning matrix
2023-11-06 16:48:30,200 [/home/mllab/Desktop/DSP/kaldi/egs/1_kaggle/s5/steps/nnet3/chain/train.py:382 - train - INFO ] Generating egs
steps/nnet3/chain/get_egs.sh --frames-overlap-per-eg 0 --constrained false --cmd run.pl --cmvn-opts --norm-means=false --norm-vars=false --online-ivector-dir exp/nnet3/ivectors_train_sp --left-context 35 --right-context 35 --left-context-initial -1 --right-context-final -1 --left-tolerance 5 --right-tolerance 5 --frame-subsampling-factor 3 --alignment-subsampling-factor 3 --stage -10 --frames-per-iter 1500000 --frames-per-eg 150,110,90 --srand 0 data/train_sp_hires exp/chain/tdnn_1d_sp exp/tri5a_sp_lats exp/chain/tdnn_1d_sp/egs
steps/nnet3/chain/get_egs.sh: File data/train_sp_hires/utt2uniq exists, so ensuring the hold-out set includes all perturbed versions of the same source utterance.
steps/nnet3/chain/get_egs.sh: Holding out 300 utterances in validation set and 300 in training diagnostic set, out of total 9357.
steps/nnet3/chain/get_egs.sh: creating egs.  To ensure they are not deleted later you can do:  touch exp/chain/tdnn_1d_sp/egs/.nodelete
steps/nnet3/chain/get_egs.sh: feature type is raw, with 'apply-cmvn'
tree-info exp/chain/tdnn_1d_sp/tree 
feat-to-dim scp:exp/nnet3/ivectors_train_sp/ivector_online.scp - 
steps/nnet3/chain/get_egs.sh: working out number of frames of training data
steps/nnet3/chain/get_egs.sh: working out feature dim
steps/nnet3/chain/get_egs.sh: creating 4 archives, each with 12868 egs, with
steps/nnet3/chain/get_egs.sh:   150,110,90 labels per example, and (left,right) context = (35,35)
steps/nnet3/chain/get_egs.sh: Getting validation and training subset examples in background.
steps/nnet3/chain/get_egs.sh: Generating training examples on disk
steps/nnet3/chain/get_egs.sh: recombining and shuffling order of archives on disk
steps/nnet3/chain/get_egs.sh: Getting subsets of validation examples for diagnostics and combination.
steps/nnet3/chain/get_egs.sh: Removing temporary archives, alignments and lattices
steps/nnet3/chain/get_egs.sh: Finished preparing training examples
2023-11-06 16:48:50,176 [/home/mllab/Desktop/DSP/kaldi/egs/1_kaggle/s5/steps/nnet3/chain/train.py:431 - train - INFO ] Copying the properties from exp/chain/tdnn_1d_sp/egs to exp/chain/tdnn_1d_sp
2023-11-06 16:48:50,177 [/home/mllab/Desktop/DSP/kaldi/egs/1_kaggle/s5/steps/nnet3/chain/train.py:445 - train - INFO ] Computing the preconditioning matrix for input features
2023-11-06 16:48:53,541 [/home/mllab/Desktop/DSP/kaldi/egs/1_kaggle/s5/steps/nnet3/chain/train.py:454 - train - INFO ] Preparing the initial acoustic model.
2023-11-06 16:48:54,435 [/home/mllab/Desktop/DSP/kaldi/egs/1_kaggle/s5/steps/nnet3/chain/train.py:487 - train - INFO ] Training will run for 6.0 epochs = 13 iterations
2023-11-06 16:48:54,436 [/home/mllab/Desktop/DSP/kaldi/egs/1_kaggle/s5/steps/nnet3/chain/train.py:529 - train - INFO ] Iter: 0/12   Jobs: 3   Epoch: 0.00/6.0 (0.0% complete)   lr: 0.000750   
run.pl: job failed, log is in exp/chain/tdnn_1d_sp/log/train.0.3.log
2023-11-06 16:49:23,022 [/home/mllab/Desktop/DSP/kaldi/egs/1_kaggle/s5/steps/libs/common.py:207 - background_command_waiter - ERROR ] Command exited with status 1: run.pl --gpu 1 exp/chain/tdnn_1d_sp/log/train.0.3.log                     nnet3-chain-train --use-gpu=wait                      --apply-deriv-weights=False                     --l2-regularize=0.0 --leaky-hmm-coefficient=0.1                       --xent-regularize=0.1                                          --print-interval=10 --momentum=0.0                     --max-param-change=1.414213562373095                     --backstitch-training-scale=0.0                     --backstitch-training-interval=1                     --l2-regularize-factor=0.3333333333333333 --optimization.memory-compression-level=2                      --srand=0                     "nnet3-am-copy --raw=true --learning-rate=0.00075 --scale=1.0 exp/chain/tdnn_1d_sp/0.mdl - |nnet3-copy --edits='set-dropout-proportion name=* proportion=0.0' - - |" exp/chain/tdnn_1d_sp/den.fst                     "ark,bg:nnet3-chain-copy-egs                          --frame-shift=0                         ark:exp/chain/tdnn_1d_sp/egs/cegs.3.ark ark:- |                         nnet3-chain-shuffle-egs --buffer-size=5000                         --srand=0 ark:- ark:- | nnet3-chain-merge-egs                         --minibatch-size=64 ark:- ark:- |"                     exp/chain/tdnn_1d_sp/1.3.raw
run.pl: job failed, log is in exp/chain/tdnn_1d_sp/log/train.0.1.log
2023-11-06 16:49:23,046 [/home/mllab/Desktop/DSP/kaldi/egs/1_kaggle/s5/steps/libs/common.py:207 - background_command_waiter - ERROR ] Command exited with status 1: run.pl --gpu 1 exp/chain/tdnn_1d_sp/log/train.0.1.log                     nnet3-chain-train --use-gpu=wait                      --apply-deriv-weights=False                     --l2-regularize=0.0 --leaky-hmm-coefficient=0.1                      --write-cache=exp/chain/tdnn_1d_sp/cache.1  --xent-regularize=0.1                                          --print-interval=10 --momentum=0.0                     --max-param-change=1.414213562373095                     --backstitch-training-scale=0.0                     --backstitch-training-interval=1                     --l2-regularize-factor=0.3333333333333333 --optimization.memory-compression-level=2                      --srand=0                     "nnet3-am-copy --raw=true --learning-rate=0.00075 --scale=1.0 exp/chain/tdnn_1d_sp/0.mdl - |nnet3-copy --edits='set-dropout-proportion name=* proportion=0.0' - - |" exp/chain/tdnn_1d_sp/den.fst                     "ark,bg:nnet3-chain-copy-egs                          --frame-shift=1                         ark:exp/chain/tdnn_1d_sp/egs/cegs.1.ark ark:- |                         nnet3-chain-shuffle-egs --buffer-size=5000                         --srand=0 ark:- ark:- | nnet3-chain-merge-egs                         --minibatch-size=64 ark:- ark:- |"                     exp/chain/tdnn_1d_sp/1.1.raw
